<?xml version="1.0" encoding="UTF-8"?>
<coverage generated="1778046444475" clover="3.2.0">
  <project timestamp="1778046444475" name="All files">
    <metrics statements="5085" coveredstatements="3508" conditionals="3925" coveredconditionals="2360" methods="1074" coveredmethods="818" elements="10084" coveredelements="6686" complexity="0" loc="5085" ncloc="5085" packages="10" files="55" classes="55"/>
    <package name="apps.node.src">
      <metrics statements="2957" coveredstatements="1978" conditionals="2470" coveredconditionals="1460" methods="457" coveredmethods="333"/>
      <file name="args.ts" path="/Users/shileipeng/Documents/mygithub/EnvoyMesh/apps/node/src/args.ts">
        <metrics statements="322" coveredstatements="261" conditionals="301" coveredconditionals="237" methods="23" coveredmethods="21"/>
        <line num="83" count="33" type="stmt"/>
        <line num="84" count="33" type="stmt"/>
        <line num="110" count="33" type="stmt"/>
        <line num="111" count="33" type="stmt"/>
        <line num="113" count="33" type="stmt"/>
        <line num="114" count="84" type="stmt"/>
        <line num="116" count="84" type="cond" truecount="2" falsecount="0"/>
        <line num="117" count="5" type="stmt"/>
        <line num="118" count="5" type="stmt"/>
        <line num="119" count="79" type="cond" truecount="2" falsecount="0"/>
        <line num="120" count="1" type="stmt"/>
        <line num="121" count="1" type="stmt"/>
        <line num="122" count="78" type="cond" truecount="2" falsecount="0"/>
        <line num="123" count="5" type="stmt"/>
        <line num="124" count="73" type="cond" truecount="2" falsecount="0"/>
        <line num="125" count="6" type="stmt"/>
        <line num="126" count="67" type="cond" truecount="2" falsecount="0"/>
        <line num="127" count="1" type="stmt"/>
        <line num="128" count="66" type="cond" truecount="2" falsecount="0"/>
        <line num="129" count="9" type="stmt"/>
        <line num="130" count="57" type="cond" truecount="2" falsecount="0"/>
        <line num="131" count="1" type="stmt"/>
        <line num="132" count="56" type="cond" truecount="2" falsecount="0"/>
        <line num="133" count="2" type="stmt"/>
        <line num="134" count="54" type="cond" truecount="2" falsecount="0"/>
        <line num="135" count="3" type="stmt"/>
        <line num="136" count="51" type="cond" truecount="1" falsecount="1"/>
        <line num="137" count="0" type="stmt"/>
        <line num="138" count="51" type="cond" truecount="1" falsecount="1"/>
        <line num="139" count="0" type="stmt"/>
        <line num="140" count="51" type="cond" truecount="2" falsecount="0"/>
        <line num="141" count="1" type="stmt"/>
        <line num="142" count="1" type="stmt"/>
        <line num="143" count="50" type="cond" truecount="1" falsecount="1"/>
        <line num="144" count="0" type="stmt"/>
        <line num="145" count="0" type="stmt"/>
        <line num="146" count="50" type="cond" truecount="2" falsecount="0"/>
        <line num="147" count="4" type="stmt"/>
        <line num="148" count="46" type="cond" truecount="2" falsecount="0"/>
        <line num="149" count="1" type="stmt"/>
        <line num="150" count="45" type="cond" truecount="2" falsecount="0"/>
        <line num="151" count="1" type="stmt"/>
        <line num="152" count="44" type="cond" truecount="2" falsecount="0"/>
        <line num="153" count="1" type="stmt"/>
        <line num="154" count="43" type="cond" truecount="2" falsecount="0"/>
        <line num="155" count="1" type="stmt"/>
        <line num="156" count="42" type="cond" truecount="2" falsecount="0"/>
        <line num="157" count="2" type="stmt"/>
        <line num="158" count="40" type="cond" truecount="2" falsecount="0"/>
        <line num="159" count="1" type="stmt"/>
        <line num="160" count="39" type="cond" truecount="1" falsecount="1"/>
        <line num="161" count="0" type="stmt"/>
        <line num="162" count="39" type="cond" truecount="2" falsecount="0"/>
        <line num="163" count="2" type="stmt"/>
        <line num="164" count="37" type="cond" truecount="1" falsecount="1"/>
        <line num="165" count="0" type="stmt"/>
        <line num="166" count="37" type="cond" truecount="2" falsecount="0"/>
        <line num="167" count="1" type="stmt"/>
        <line num="168" count="36" type="cond" truecount="1" falsecount="1"/>
        <line num="169" count="0" type="stmt"/>
        <line num="170" count="36" type="cond" truecount="1" falsecount="1"/>
        <line num="171" count="0" type="stmt"/>
        <line num="172" count="36" type="cond" truecount="2" falsecount="0"/>
        <line num="173" count="1" type="stmt"/>
        <line num="174" count="35" type="cond" truecount="2" falsecount="0"/>
        <line num="175" count="1" type="stmt"/>
        <line num="176" count="34" type="cond" truecount="2" falsecount="0"/>
        <line num="177" count="1" type="stmt"/>
        <line num="178" count="33" type="cond" truecount="2" falsecount="0"/>
        <line num="179" count="1" type="stmt"/>
        <line num="180" count="32" type="cond" truecount="2" falsecount="0"/>
        <line num="181" count="1" type="stmt"/>
        <line num="182" count="31" type="cond" truecount="2" falsecount="0"/>
        <line num="183" count="1" type="stmt"/>
        <line num="184" count="30" type="cond" truecount="2" falsecount="0"/>
        <line num="185" count="1" type="stmt"/>
        <line num="186" count="29" type="cond" truecount="2" falsecount="0"/>
        <line num="187" count="1" type="stmt"/>
        <line num="188" count="28" type="cond" truecount="2" falsecount="0"/>
        <line num="189" count="2" type="stmt"/>
        <line num="190" count="26" type="cond" truecount="2" falsecount="0"/>
        <line num="191" count="1" type="stmt"/>
        <line num="192" count="25" type="cond" truecount="2" falsecount="0"/>
        <line num="193" count="1" type="stmt"/>
        <line num="194" count="24" type="cond" truecount="2" falsecount="0"/>
        <line num="195" count="1" type="stmt"/>
        <line num="196" count="23" type="cond" truecount="2" falsecount="0"/>
        <line num="197" count="1" type="stmt"/>
        <line num="198" count="22" type="cond" truecount="1" falsecount="1"/>
        <line num="199" count="0" type="stmt"/>
        <line num="200" count="22" type="cond" truecount="2" falsecount="0"/>
        <line num="201" count="1" type="stmt"/>
        <line num="202" count="21" type="cond" truecount="1" falsecount="1"/>
        <line num="203" count="0" type="stmt"/>
        <line num="204" count="21" type="cond" truecount="2" falsecount="0"/>
        <line num="205" count="1" type="stmt"/>
        <line num="206" count="20" type="cond" truecount="2" falsecount="0"/>
        <line num="207" count="2" type="stmt"/>
        <line num="208" count="18" type="cond" truecount="2" falsecount="0"/>
        <line num="209" count="1" type="stmt"/>
        <line num="210" count="17" type="cond" truecount="2" falsecount="0"/>
        <line num="211" count="1" type="stmt"/>
        <line num="212" count="16" type="cond" truecount="2" falsecount="0"/>
        <line num="213" count="1" type="stmt"/>
        <line num="214" count="15" type="cond" truecount="2" falsecount="0"/>
        <line num="215" count="1" type="stmt"/>
        <line num="216" count="14" type="cond" truecount="1" falsecount="1"/>
        <line num="217" count="0" type="stmt"/>
        <line num="218" count="14" type="cond" truecount="2" falsecount="0"/>
        <line num="219" count="1" type="stmt"/>
        <line num="220" count="13" type="cond" truecount="2" falsecount="0"/>
        <line num="221" count="2" type="stmt"/>
        <line num="222" count="11" type="cond" truecount="2" falsecount="0"/>
        <line num="223" count="1" type="stmt"/>
        <line num="224" count="10" type="cond" truecount="2" falsecount="0"/>
        <line num="225" count="1" type="stmt"/>
        <line num="226" count="9" type="cond" truecount="2" falsecount="0"/>
        <line num="227" count="1" type="stmt"/>
        <line num="228" count="8" type="cond" truecount="2" falsecount="0"/>
        <line num="229" count="1" type="stmt"/>
        <line num="230" count="7" type="cond" truecount="2" falsecount="0"/>
        <line num="231" count="2" type="cond" truecount="2" falsecount="0"/>
        <line num="232" count="1" type="stmt"/>
        <line num="234" count="2" type="stmt"/>
        <line num="235" count="5" type="cond" truecount="2" falsecount="0"/>
        <line num="236" count="1" type="stmt"/>
        <line num="237" count="4" type="cond" truecount="2" falsecount="0"/>
        <line num="238" count="1" type="stmt"/>
        <line num="239" count="3" type="cond" truecount="2" falsecount="0"/>
        <line num="240" count="1" type="stmt"/>
        <line num="241" count="2" type="cond" truecount="2" falsecount="0"/>
        <line num="242" count="1" type="stmt"/>
        <line num="243" count="1" type="cond" truecount="1" falsecount="1"/>
        <line num="244" count="1" type="stmt"/>
        <line num="245" count="0" type="cond" truecount="0" falsecount="2"/>
        <line num="246" count="0" type="stmt"/>
        <line num="247" count="0" type="cond" truecount="0" falsecount="2"/>
        <line num="248" count="0" type="stmt"/>
        <line num="249" count="0" type="cond" truecount="0" falsecount="2"/>
        <line num="250" count="0" type="stmt"/>
        <line num="251" count="0" type="cond" truecount="0" falsecount="2"/>
        <line num="252" count="0" type="stmt"/>
        <line num="253" count="0" type="cond" truecount="0" falsecount="2"/>
        <line num="254" count="0" type="stmt"/>
        <line num="255" count="0" type="cond" truecount="0" falsecount="2"/>
        <line num="256" count="0" type="stmt"/>
        <line num="257" count="0" type="cond" truecount="0" falsecount="2"/>
        <line num="258" count="0" type="stmt"/>
        <line num="259" count="0" type="cond" truecount="0" falsecount="2"/>
        <line num="260" count="0" type="stmt"/>
        <line num="261" count="0" type="cond" truecount="0" falsecount="2"/>
        <line num="262" count="0" type="stmt"/>
        <line num="263" count="0" type="cond" truecount="0" falsecount="2"/>
        <line num="264" count="0" type="stmt"/>
        <line num="265" count="0" type="cond" truecount="0" falsecount="4"/>
        <line num="266" count="0" type="stmt"/>
        <line num="267" count="0" type="stmt"/>
        <line num="269" count="0" type="stmt"/>
        <line num="273" count="29" type="stmt"/>
        <line num="274" count="29" type="stmt"/>
        <line num="275" count="29" type="stmt"/>
        <line num="277" count="29" type="stmt"/>
        <line num="281" count="0" type="stmt"/>
        <line num="365" count="73" type="stmt"/>
        <line num="367" count="73" type="cond" truecount="1" falsecount="1"/>
        <line num="368" count="0" type="stmt"/>
        <line num="371" count="73" type="stmt"/>
        <line num="375" count="2" type="cond" truecount="6" falsecount="0"/>
        <line num="376" count="1" type="stmt"/>
        <line num="379" count="1" type="stmt"/>
        <line num="383" count="1" type="cond" truecount="2" falsecount="4"/>
        <line num="384" count="1" type="stmt"/>
        <line num="387" count="0" type="stmt"/>
        <line num="391" count="1" type="cond" truecount="2" falsecount="2"/>
        <line num="392" count="1" type="stmt"/>
        <line num="395" count="0" type="stmt"/>
        <line num="399" count="3" type="stmt"/>
        <line num="400" count="3" type="cond" truecount="3" falsecount="1"/>
        <line num="401" count="0" type="stmt"/>
        <line num="403" count="3" type="stmt"/>
        <line num="407" count="6" type="cond" truecount="4" falsecount="0"/>
        <line num="408" count="5" type="stmt"/>
        <line num="410" count="1" type="stmt"/>
        <line num="414" count="11" type="stmt"/>
        <line num="415" count="11" type="cond" truecount="2" falsecount="0"/>
        <line num="416" count="1" type="stmt"/>
        <line num="418" count="10" type="stmt"/>
        <line num="427" count="34" type="cond" truecount="2" falsecount="0"/>
        <line num="428" count="1" type="stmt"/>
        <line num="430" count="42" type="cond" truecount="2" falsecount="0"/>
        <line num="431" count="31" type="stmt"/>
        <line num="433" count="2" type="stmt"/>
        <line num="434" count="2" type="cond" truecount="3" falsecount="1"/>
        <line num="435" count="0" type="stmt"/>
        <line num="437" count="2" type="stmt"/>
        <line num="438" count="2" type="stmt"/>
        <line num="440" count="2" type="cond" truecount="3" falsecount="1"/>
        <line num="441" count="2" type="stmt"/>
        <line num="442" count="2" type="stmt"/>
        <line num="444" count="2" type="cond" truecount="3" falsecount="2"/>
        <line num="445" count="2" type="stmt"/>
        <line num="446" count="2" type="stmt"/>
        <line num="448" count="2" type="cond" truecount="2" falsecount="0"/>
        <line num="449" count="2" type="stmt"/>
        <line num="450" count="2" type="stmt"/>
        <line num="452" count="2" type="stmt"/>
        <line num="453" count="3" type="stmt"/>
        <line num="454" count="3" type="cond" truecount="2" falsecount="0"/>
        <line num="455" count="1" type="stmt"/>
        <line num="456" count="1" type="stmt"/>
        <line num="457" count="1" type="stmt"/>
        <line num="459" count="2" type="stmt"/>
        <line num="460" count="2" type="stmt"/>
        <line num="461" count="2" type="stmt"/>
        <line num="462" count="2" type="stmt"/>
        <line num="464" count="0" type="stmt"/>
        <line num="465" count="0" type="stmt"/>
        <line num="468" count="2" type="stmt"/>
        <line num="472" count="29" type="stmt"/>
        <line num="473" count="29" type="stmt"/>
        <line num="474" count="89" type="stmt"/>
        <line num="476" count="28" type="cond" truecount="2" falsecount="0"/>
        <line num="477" count="1" type="stmt"/>
        <line num="479" count="27" type="stmt"/>
        <line num="480" count="27" type="stmt"/>
        <line num="481" count="27" type="stmt"/>
        <line num="482" count="27" type="stmt"/>
        <line num="483" count="27" type="stmt"/>
        <line num="484" count="27" type="cond" truecount="3" falsecount="1"/>
        <line num="485" count="0" type="stmt"/>
        <line num="490" count="33" type="stmt"/>
        <line num="491" count="33" type="cond" truecount="2" falsecount="0"/>
        <line num="492" count="27" type="stmt"/>
        <line num="494" count="6" type="stmt"/>
        <line num="495" count="6" type="stmt"/>
        <line num="496" count="6" type="cond" truecount="2" falsecount="0"/>
        <line num="497" count="1" type="stmt"/>
        <line num="499" count="5" type="cond" truecount="4" falsecount="0"/>
        <line num="500" count="1" type="stmt"/>
        <line num="502" count="5" type="cond" truecount="1" falsecount="1"/>
        <line num="503" count="0" type="stmt"/>
        <line num="505" count="5" type="cond" truecount="2" falsecount="0"/>
        <line num="506" count="4" type="stmt"/>
        <line num="508" count="5" type="cond" truecount="2" falsecount="0"/>
        <line num="509" count="1" type="stmt"/>
        <line num="511" count="5" type="cond" truecount="1" falsecount="1"/>
        <line num="512" count="0" type="stmt"/>
        <line num="514" count="5" type="cond" truecount="1" falsecount="1"/>
        <line num="515" count="0" type="stmt"/>
        <line num="517" count="5" type="cond" truecount="1" falsecount="1"/>
        <line num="518" count="0" type="stmt"/>
        <line num="520" count="5" type="cond" truecount="2" falsecount="0"/>
        <line num="521" count="1" type="stmt"/>
        <line num="523" count="5" type="cond" truecount="1" falsecount="1"/>
        <line num="524" count="0" type="stmt"/>
        <line num="526" count="5" type="cond" truecount="2" falsecount="0"/>
        <line num="527" count="1" type="stmt"/>
        <line num="529" count="5" type="cond" truecount="1" falsecount="1"/>
        <line num="530" count="0" type="stmt"/>
        <line num="532" count="5" type="cond" truecount="1" falsecount="1"/>
        <line num="533" count="0" type="stmt"/>
        <line num="535" count="5" type="cond" truecount="1" falsecount="1"/>
        <line num="536" count="0" type="stmt"/>
        <line num="538" count="5" type="cond" truecount="1" falsecount="1"/>
        <line num="539" count="0" type="stmt"/>
        <line num="541" count="5" type="cond" truecount="1" falsecount="1"/>
        <line num="542" count="0" type="stmt"/>
        <line num="544" count="5" type="cond" truecount="2" falsecount="0"/>
        <line num="545" count="1" type="stmt"/>
        <line num="547" count="5" type="cond" truecount="2" falsecount="0"/>
        <line num="548" count="1" type="stmt"/>
        <line num="553" count="32" type="cond" truecount="2" falsecount="0"/>
        <line num="554" count="32" type="cond" truecount="1" falsecount="1"/>
        <line num="555" count="0" type="stmt"/>
        <line num="558" count="32" type="cond" truecount="2" falsecount="0"/>
        <line num="560" count="33" type="stmt"/>
        <line num="562" count="32" type="cond" truecount="2" falsecount="0"/>
        <line num="564" count="32" type="stmt"/>
        <line num="566" count="0" type="stmt"/>
        <line num="567" count="32" type="cond" truecount="2" falsecount="0"/>
        <line num="569" count="32" type="stmt"/>
        <line num="571" count="32" type="cond" truecount="2" falsecount="0"/>
        <line num="573" count="32" type="cond" truecount="2" falsecount="0"/>
        <line num="574" count="2" type="stmt"/>
        <line num="575" count="30" type="cond" truecount="1" falsecount="1"/>
        <line num="576" count="0" type="stmt"/>
        <line num="578" count="32" type="stmt"/>
        <line num="579" count="32" type="stmt"/>
        <line num="580" count="32" type="stmt"/>
        <line num="582" count="32" type="cond" truecount="2" falsecount="0"/>
        <line num="583" count="32" type="cond" truecount="5" falsecount="0"/>
        <line num="584" count="1" type="stmt"/>
        <line num="585" count="31" type="cond" truecount="4" falsecount="1"/>
        <line num="586" count="0" type="stmt"/>
        <line num="589" count="32" type="cond" truecount="2" falsecount="0"/>
        <line num="590" count="32" type="cond" truecount="4" falsecount="1"/>
        <line num="591" count="0" type="stmt"/>
        <line num="594" count="32" type="cond" truecount="2" falsecount="0"/>
        <line num="595" count="32" type="cond" truecount="4" falsecount="1"/>
        <line num="596" count="0" type="stmt"/>
        <line num="599" count="32" type="cond" truecount="2" falsecount="0"/>
        <line num="601" count="32" type="stmt"/>
        <line num="603" count="32" type="stmt"/>
        <line num="607" count="33" type="stmt"/>
        <line num="608" count="150" type="stmt"/>
        <line num="609" count="150" type="cond" truecount="2" falsecount="0"/>
        <line num="610" count="6" type="stmt"/>
        <line num="613" count="27" type="stmt"/>
        <line num="617" count="88" type="stmt"/>
        <line num="621" count="29" type="stmt"/>
        <line num="630" count="89" type="stmt"/>
        <line num="631" count="89" type="cond" truecount="4" falsecount="0"/>
        <line num="632" count="1" type="stmt"/>
        <line num="634" count="88" type="cond" truecount="2" falsecount="0"/>
        <line num="635" count="29" type="stmt"/>
        <line num="637" count="59" type="cond" truecount="2" falsecount="0"/>
        <line num="638" count="29" type="stmt"/>
        <line num="640" count="30" type="cond" truecount="2" falsecount="0"/>
        <line num="641" count="29" type="stmt"/>
        <line num="643" count="1" type="cond" truecount="1" falsecount="1"/>
        <line num="644" count="0" type="stmt"/>
        <line num="646" count="1" type="stmt"/>
      </file>
      <file name="autonomous-inbound.ts" path="/Users/shileipeng/Documents/mygithub/EnvoyMesh/apps/node/src/autonomous-inbound.ts">
        <metrics statements="16" coveredstatements="14" conditionals="16" coveredconditionals="10" methods="4" coveredmethods="3"/>
        <line num="15" count="2" type="stmt"/>
        <line num="28" count="28" type="stmt"/>
        <line num="51" count="47" type="stmt"/>
        <line num="54" count="47" type="cond" truecount="2" falsecount="0"/>
        <line num="55" count="6" type="stmt"/>
        <line num="62" count="41" type="stmt"/>
        <line num="63" count="41" type="cond" truecount="2" falsecount="0"/>
        <line num="64" count="7" type="stmt"/>
        <line num="71" count="34" type="cond" truecount="2" falsecount="0"/>
        <line num="72" count="47" type="cond" truecount="2" falsecount="0"/>
        <line num="73" count="6" type="stmt"/>
        <line num="80" count="28" type="cond" truecount="2" falsecount="0"/>
        <line num="81" count="7" type="stmt"/>
        <line num="87" count="21" type="stmt"/>
        <line num="111" count="0" type="stmt"/>
        <line num="112" count="0" type="stmt"/>
      </file>
      <file name="bond-inbound.ts" path="/Users/shileipeng/Documents/mygithub/EnvoyMesh/apps/node/src/bond-inbound.ts">
        <metrics statements="72" coveredstatements="59" conditionals="74" coveredconditionals="48" methods="3" coveredmethods="3"/>
        <line num="38" count="6" type="stmt"/>
        <line num="39" count="6" type="cond" truecount="2" falsecount="0"/>
        <line num="45" count="6" type="cond" truecount="2" falsecount="0"/>
        <line num="46" count="1" type="stmt"/>
        <line num="48" count="5" type="cond" truecount="2" falsecount="0"/>
        <line num="49" count="1" type="stmt"/>
        <line num="54" count="4" type="cond" truecount="2" falsecount="0"/>
        <line num="55" count="3" type="stmt"/>
        <line num="60" count="1" type="stmt"/>
        <line num="86" count="18" type="stmt"/>
        <line num="88" count="18" type="stmt"/>
        <line num="89" count="18" type="cond" truecount="2" falsecount="0"/>
        <line num="90" count="6" type="stmt"/>
        <line num="91" count="6" type="cond" truecount="2" falsecount="0"/>
        <line num="92" count="1" type="stmt"/>
        <line num="95" count="4" type="stmt"/>
        <line num="96" count="4" type="stmt"/>
        <line num="101" count="4" type="stmt"/>
        <line num="103" count="4" type="stmt"/>
        <line num="119" count="4" type="cond" truecount="1" falsecount="1"/>
        <line num="120" count="0" type="stmt"/>
        <line num="121" count="4" type="cond" truecount="2" falsecount="0"/>
        <line num="123" count="1" type="stmt"/>
        <line num="126" count="1" type="stmt"/>
        <line num="135" count="1" type="cond" truecount="1" falsecount="1"/>
        <line num="136" count="0" type="stmt"/>
        <line num="143" count="1" type="stmt"/>
        <line num="152" count="3" type="stmt"/>
        <line num="155" count="3" type="cond" truecount="1" falsecount="1"/>
        <line num="156" count="0" type="stmt"/>
        <line num="175" count="3" type="stmt"/>
        <line num="178" count="12" type="cond" truecount="2" falsecount="0"/>
        <line num="179" count="5" type="stmt"/>
        <line num="180" count="5" type="cond" truecount="2" falsecount="0"/>
        <line num="181" count="2" type="stmt"/>
        <line num="184" count="2" type="stmt"/>
        <line num="185" count="2" type="stmt"/>
        <line num="190" count="2" type="stmt"/>
        <line num="192" count="2" type="stmt"/>
        <line num="208" count="2" type="cond" truecount="2" falsecount="0"/>
        <line num="209" count="1" type="stmt"/>
        <line num="211" count="1" type="stmt"/>
        <line num="213" count="2" type="stmt"/>
        <line num="216" count="7" type="cond" truecount="1" falsecount="1"/>
        <line num="217" count="0" type="stmt"/>
        <line num="218" count="0" type="stmt"/>
        <line num="219" count="0" type="stmt"/>
        <line num="224" count="0" type="stmt"/>
        <line num="226" count="0" type="stmt"/>
        <line num="242" count="0" type="cond" truecount="0" falsecount="2"/>
        <line num="243" count="0" type="stmt"/>
        <line num="245" count="0" type="stmt"/>
        <line num="247" count="0" type="stmt"/>
        <line num="250" count="7" type="cond" truecount="2" falsecount="0"/>
        <line num="251" count="6" type="stmt"/>
        <line num="252" count="6" type="stmt"/>
        <line num="253" count="6" type="stmt"/>
        <line num="255" count="6" type="cond" truecount="2" falsecount="0"/>
        <line num="256" count="2" type="stmt"/>
        <line num="260" count="3" type="stmt"/>
        <line num="261" count="3" type="cond" truecount="2" falsecount="0"/>
        <line num="262" count="2" type="stmt"/>
        <line num="263" count="2" type="cond" truecount="4" falsecount="0"/>
        <line num="264" count="1" type="stmt"/>
        <line num="265" count="1" type="stmt"/>
        <line num="270" count="3" type="stmt"/>
        <line num="279" count="3" type="cond" truecount="1" falsecount="1"/>
        <line num="280" count="0" type="stmt"/>
        <line num="286" count="3" type="stmt"/>
        <line num="289" count="1" type="stmt"/>
        <line num="291" count="3" type="cond" truecount="1" falsecount="1"/>
        <line num="292" count="3" type="stmt"/>
      </file>
      <file name="bootstrap-presets-file.ts" path="/Users/shileipeng/Documents/mygithub/EnvoyMesh/apps/node/src/bootstrap-presets-file.ts">
        <metrics statements="23" coveredstatements="17" conditionals="15" coveredconditionals="11" methods="6" coveredmethods="6"/>
        <line num="8" count="29" type="stmt"/>
        <line num="9" count="1" type="stmt"/>
        <line num="11" count="1" type="stmt"/>
        <line num="12" count="1" type="stmt"/>
        <line num="14" count="0" type="stmt"/>
        <line num="18" count="1" type="stmt"/>
        <line num="19" count="1" type="stmt"/>
        <line num="21" count="0" type="stmt"/>
        <line num="24" count="1" type="cond" truecount="1" falsecount="1"/>
        <line num="25" count="0" type="stmt"/>
        <line num="28" count="1" type="stmt"/>
        <line num="29" count="1" type="stmt"/>
        <line num="30" count="1" type="cond" truecount="1" falsecount="1"/>
        <line num="31" count="0" type="stmt"/>
        <line num="33" count="2" type="cond" truecount="3" falsecount="1"/>
        <line num="34" count="0" type="stmt"/>
        <line num="36" count="2" type="stmt"/>
        <line num="37" count="1" type="cond" truecount="1" falsecount="1"/>
        <line num="38" count="0" type="stmt"/>
        <line num="40" count="1" type="cond" truecount="2" falsecount="0"/>
        <line num="46" count="1" type="stmt"/>
        <line num="50" count="1" type="stmt"/>
        <line num="54" count="1" type="cond" truecount="3" falsecount="0"/>
      </file>
      <file name="bootstrap-resolver.ts" path="/Users/shileipeng/Documents/mygithub/EnvoyMesh/apps/node/src/bootstrap-resolver.ts">
        <metrics statements="39" coveredstatements="0" conditionals="24" coveredconditionals="0" methods="5" coveredmethods="0"/>
        <line num="22" count="0" type="cond" truecount="0" falsecount="2"/>
        <line num="23" count="0" type="stmt"/>
        <line num="26" count="0" type="cond" truecount="0" falsecount="2"/>
        <line num="27" count="0" type="stmt"/>
        <line num="30" count="0" type="cond" truecount="0" falsecount="2"/>
        <line num="37" count="0" type="stmt"/>
        <line num="38" count="0" type="stmt"/>
        <line num="39" count="0" type="stmt"/>
        <line num="41" count="0" type="stmt"/>
        <line num="45" count="0" type="stmt"/>
        <line num="47" count="0" type="cond" truecount="0" falsecount="2"/>
        <line num="48" count="0" type="stmt"/>
        <line num="49" count="0" type="stmt"/>
        <line num="52" count="0" type="stmt"/>
        <line num="54" count="0" type="cond" truecount="0" falsecount="4"/>
        <line num="55" count="0" type="stmt"/>
        <line num="56" count="0" type="stmt"/>
        <line num="60" count="0" type="stmt"/>
        <line num="62" count="0" type="cond" truecount="0" falsecount="2"/>
        <line num="63" count="0" type="stmt"/>
        <line num="66" count="0" type="stmt"/>
        <line num="69" count="0" type="stmt"/>
        <line num="70" count="0" type="stmt"/>
        <line num="73" count="0" type="cond" truecount="0" falsecount="4"/>
        <line num="74" count="0" type="stmt"/>
        <line num="76" count="0" type="stmt"/>
        <line num="78" count="0" type="stmt"/>
        <line num="87" count="0" type="stmt"/>
        <line num="90" count="0" type="stmt"/>
        <line num="106" count="0" type="stmt"/>
        <line num="108" count="0" type="stmt"/>
        <line num="109" count="0" type="cond" truecount="0" falsecount="2"/>
        <line num="110" count="0" type="stmt"/>
        <line num="115" count="0" type="stmt"/>
        <line num="118" count="0" type="cond" truecount="0" falsecount="2"/>
        <line num="120" count="0" type="stmt"/>
        <line num="121" count="0" type="stmt"/>
        <line num="128" count="0" type="stmt"/>
        <line num="136" count="0" type="stmt"/>
      </file>
      <file name="broadcast-inbound.ts" path="/Users/shileipeng/Documents/mygithub/EnvoyMesh/apps/node/src/broadcast-inbound.ts">
        <metrics statements="84" coveredstatements="73" conditionals="46" coveredconditionals="40" methods="8" coveredmethods="8"/>
        <line num="22" count="3" type="stmt"/>
        <line num="23" count="3" type="stmt"/>
        <line num="24" count="3" type="stmt"/>
        <line num="54" count="16" type="stmt"/>
        <line num="56" count="16" type="stmt"/>
        <line num="57" count="16" type="cond" truecount="2" falsecount="0"/>
        <line num="58" count="1" type="stmt"/>
        <line num="61" count="15" type="stmt"/>
        <line num="62" count="15" type="stmt"/>
        <line num="63" count="15" type="stmt"/>
        <line num="64" count="14" type="cond" truecount="2" falsecount="0"/>
        <line num="67" count="16" type="cond" truecount="1" falsecount="1"/>
        <line num="68" count="0" type="stmt"/>
        <line num="69" count="0" type="stmt"/>
        <line num="78" count="0" type="stmt"/>
        <line num="82" count="14" type="cond" truecount="2" falsecount="0"/>
        <line num="84" count="3" type="cond" truecount="2" falsecount="0"/>
        <line num="85" count="1" type="stmt"/>
        <line num="89" count="2" type="cond" truecount="2" falsecount="0"/>
        <line num="90" count="1" type="stmt"/>
        <line num="91" count="1" type="stmt"/>
        <line num="100" count="1" type="stmt"/>
        <line num="104" count="1" type="stmt"/>
        <line num="105" count="1" type="stmt"/>
        <line num="106" count="1" type="cond" truecount="1" falsecount="1"/>
        <line num="107" count="0" type="stmt"/>
        <line num="108" count="0" type="stmt"/>
        <line num="117" count="0" type="stmt"/>
        <line num="122" count="12" type="cond" truecount="2" falsecount="0"/>
        <line num="123" count="1" type="stmt"/>
        <line num="124" count="1" type="stmt"/>
        <line num="133" count="1" type="stmt"/>
        <line num="137" count="11" type="stmt"/>
        <line num="138" count="11" type="stmt"/>
        <line num="140" count="11" type="cond" truecount="2" falsecount="0"/>
        <line num="142" count="8" type="cond" truecount="4" falsecount="0"/>
        <line num="143" count="1" type="stmt"/>
        <line num="144" count="1" type="stmt"/>
        <line num="154" count="1" type="stmt"/>
        <line num="158" count="7" type="cond" truecount="2" falsecount="0"/>
        <line num="159" count="1" type="stmt"/>
        <line num="160" count="1" type="stmt"/>
        <line num="170" count="1" type="stmt"/>
        <line num="174" count="6" type="stmt"/>
        <line num="175" count="5" type="stmt"/>
        <line num="179" count="6" type="stmt"/>
        <line num="184" count="6" type="cond" truecount="2" falsecount="0"/>
        <line num="187" count="3" type="cond" truecount="1" falsecount="1"/>
        <line num="188" count="0" type="stmt"/>
        <line num="189" count="0" type="stmt"/>
        <line num="198" count="0" type="stmt"/>
        <line num="201" count="3" type="stmt"/>
        <line num="202" count="3" type="stmt"/>
        <line num="203" count="3" type="stmt"/>
        <line num="205" count="3" type="stmt"/>
        <line num="206" count="3" type="cond" truecount="2" falsecount="0"/>
        <line num="209" count="9" type="cond" truecount="2" falsecount="0"/>
        <line num="210" count="2" type="stmt"/>
        <line num="220" count="2" type="stmt"/>
        <line num="224" count="7" type="stmt"/>
        <line num="234" count="7" type="stmt"/>
        <line num="246" count="7" type="stmt"/>
        <line num="248" count="1" type="cond" truecount="1" falsecount="1"/>
        <line num="249" count="1" type="stmt"/>
        <line num="257" count="6" type="stmt"/>
        <line num="259" count="6" type="stmt"/>
        <line num="260" count="6" type="stmt"/>
        <line num="262" count="6" type="stmt"/>
        <line num="278" count="3" type="stmt"/>
        <line num="280" count="3" type="cond" truecount="1" falsecount="1"/>
        <line num="281" count="3" type="stmt"/>
        <line num="286" count="14" type="stmt"/>
        <line num="287" count="14" type="cond" truecount="2" falsecount="0"/>
        <line num="288" count="14" type="stmt"/>
        <line num="289" count="14" type="cond" truecount="1" falsecount="1"/>
        <line num="290" count="0" type="stmt"/>
        <line num="291" count="0" type="stmt"/>
        <line num="293" count="14" type="stmt"/>
        <line num="294" count="14" type="stmt"/>
        <line num="295" count="14" type="stmt"/>
        <line num="308" count="6" type="stmt"/>
        <line num="309" count="6" type="stmt"/>
        <line num="337" count="7" type="stmt"/>
        <line num="338" count="7" type="stmt"/>
      </file>
      <file name="chat-draft-inbound.ts" path="/Users/shileipeng/Documents/mygithub/EnvoyMesh/apps/node/src/chat-draft-inbound.ts">
        <metrics statements="33" coveredstatements="27" conditionals="45" coveredconditionals="19" methods="2" coveredmethods="2"/>
        <line num="33" count="3" type="cond" truecount="1" falsecount="4"/>
        <line num="35" count="0" type="stmt"/>
        <line num="37" count="3" type="stmt"/>
        <line num="39" count="0" type="stmt"/>
        <line num="47" count="0" type="stmt"/>
        <line num="57" count="0" type="stmt"/>
        <line num="105" count="6" type="stmt"/>
        <line num="108" count="6" type="cond" truecount="2" falsecount="0"/>
        <line num="109" count="1" type="stmt"/>
        <line num="113" count="5" type="cond" truecount="2" falsecount="0"/>
        <line num="114" count="1" type="stmt"/>
        <line num="118" count="4" type="stmt"/>
        <line num="119" count="4" type="cond" truecount="2" falsecount="0"/>
        <line num="122" count="6" type="cond" truecount="2" falsecount="0"/>
        <line num="123" count="1" type="stmt"/>
        <line num="127" count="3" type="cond" truecount="4" falsecount="0"/>
        <line num="130" count="6" type="stmt"/>
        <line num="131" count="6" type="cond" truecount="1" falsecount="1"/>
        <line num="132" count="0" type="stmt"/>
        <line num="136" count="3" type="stmt"/>
        <line num="137" count="3" type="stmt"/>
        <line num="154" count="3" type="stmt"/>
        <line num="166" count="3" type="stmt"/>
        <line num="167" count="3" type="stmt"/>
        <line num="183" count="3" type="cond" truecount="1" falsecount="1"/>
        <line num="184" count="0" type="stmt"/>
        <line num="190" count="3" type="cond" truecount="1" falsecount="1"/>
        <line num="193" count="6" type="stmt"/>
        <line num="194" count="6" type="stmt"/>
        <line num="195" count="6" type="stmt"/>
        <line num="203" count="6" type="stmt"/>
        <line num="206" count="3" type="stmt"/>
        <line num="222" count="3" type="stmt"/>
      </file>
      <file name="cli-actions.ts" path="/Users/shileipeng/Documents/mygithub/EnvoyMesh/apps/node/src/cli-actions.ts">
        <metrics statements="41" coveredstatements="39" conditionals="52" coveredconditionals="39" methods="4" coveredmethods="4"/>
        <line num="37" count="9" type="stmt"/>
        <line num="39" count="9" type="cond" truecount="2" falsecount="0"/>
        <line num="40" count="1" type="stmt"/>
        <line num="58" count="9" type="cond" truecount="2" falsecount="0"/>
        <line num="59" count="1" type="stmt"/>
        <line num="77" count="9" type="cond" truecount="2" falsecount="0"/>
        <line num="78" count="1" type="stmt"/>
        <line num="79" count="1" type="cond" truecount="1" falsecount="1"/>
        <line num="80" count="0" type="stmt"/>
        <line num="82" count="1" type="stmt"/>
        <line num="98" count="9" type="cond" truecount="2" falsecount="0"/>
        <line num="99" count="1" type="stmt"/>
        <line num="117" count="9" type="cond" truecount="2" falsecount="0"/>
        <line num="118" count="1" type="cond" truecount="1" falsecount="1"/>
        <line num="119" count="1" type="stmt"/>
        <line num="135" count="9" type="cond" truecount="2" falsecount="0"/>
        <line num="136" count="2" type="stmt"/>
        <line num="137" count="2" type="stmt"/>
        <line num="138" count="2" type="stmt"/>
        <line num="148" count="9" type="cond" truecount="2" falsecount="0"/>
        <line num="149" count="2" type="stmt"/>
        <line num="150" count="2" type="stmt"/>
        <line num="151" count="2" type="stmt"/>
        <line num="158" count="2" type="stmt"/>
        <line num="178" count="9" type="cond" truecount="2" falsecount="0"/>
        <line num="179" count="3" type="stmt"/>
        <line num="180" count="3" type="cond" truecount="2" falsecount="2"/>
        <line num="181" count="0" type="stmt"/>
        <line num="183" count="2" type="stmt"/>
        <line num="203" count="8" type="cond" truecount="2" falsecount="0"/>
        <line num="204" count="2" type="stmt"/>
        <line num="205" count="2" type="stmt"/>
        <line num="214" count="2" type="stmt"/>
        <line num="227" count="8" type="stmt"/>
        <line num="231" count="4" type="stmt"/>
        <line num="253" count="13" type="cond" truecount="3" falsecount="1"/>
        <line num="254" count="13" type="cond" truecount="2" falsecount="0"/>
        <line num="255" count="13" type="stmt"/>
        <line num="271" count="9" type="cond" truecount="2" falsecount="0"/>
        <line num="272" count="1" type="stmt"/>
        <line num="275" count="8" type="stmt"/>
      </file>
      <file name="connectivity-status-rich.ts" path="/Users/shileipeng/Documents/mygithub/EnvoyMesh/apps/node/src/connectivity-status-rich.ts">
        <metrics statements="14" coveredstatements="11" conditionals="8" coveredconditionals="4" methods="3" coveredmethods="3"/>
        <line num="3" count="1" type="stmt"/>
        <line num="6" count="9" type="stmt"/>
        <line num="7" count="9" type="stmt"/>
        <line num="9" count="9" type="cond" truecount="2" falsecount="0"/>
        <line num="10" count="9" type="stmt"/>
        <line num="14" count="1" type="cond" truecount="1" falsecount="3"/>
        <line num="16" count="1" type="stmt"/>
        <line num="18" count="0" type="stmt"/>
        <line num="20" count="0" type="stmt"/>
        <line num="22" count="0" type="stmt"/>
        <line num="28" count="1" type="stmt"/>
        <line num="29" count="1" type="stmt"/>
        <line num="31" count="1" type="stmt"/>
        <line num="52" count="1" type="stmt"/>
      </file>
      <file name="developer-cli.ts" path="/Users/shileipeng/Documents/mygithub/EnvoyMesh/apps/node/src/developer-cli.ts">
        <metrics statements="402" coveredstatements="332" conditionals="402" coveredconditionals="298" methods="76" coveredmethods="68"/>
        <line num="97" count="41" type="cond" truecount="4" falsecount="0"/>
        <line num="98" count="36" type="stmt"/>
        <line num="101" count="5" type="stmt"/>
        <line num="103" count="5" type="stmt"/>
        <line num="104" count="1" type="cond" truecount="1" falsecount="1"/>
        <line num="105" count="1" type="cond" truecount="1" falsecount="1"/>
        <line num="106" count="0" type="cond" truecount="0" falsecount="4"/>
        <line num="107" count="0" type="cond" truecount="0" falsecount="2"/>
        <line num="108" count="0" type="stmt"/>
        <line num="112" count="5" type="cond" truecount="4" falsecount="0"/>
        <line num="113" count="1" type="cond" truecount="1" falsecount="1"/>
        <line num="114" count="0" type="stmt"/>
        <line num="115" count="1" type="cond" truecount="1" falsecount="1"/>
        <line num="116" count="1" type="stmt"/>
        <line num="120" count="5" type="stmt"/>
        <line num="121" count="5" type="cond" truecount="5" falsecount="0"/>
        <line num="122" count="1" type="stmt"/>
        <line num="123" count="1" type="stmt"/>
        <line num="126" count="5" type="stmt"/>
        <line num="130" count="30" type="stmt"/>
        <line num="132" count="30" type="cond" truecount="2" falsecount="0"/>
        <line num="133" count="1" type="stmt"/>
        <line num="136" count="29" type="cond" truecount="2" falsecount="0"/>
        <line num="137" count="3" type="stmt"/>
        <line num="140" count="26" type="cond" truecount="2" falsecount="0"/>
        <line num="141" count="1" type="stmt"/>
        <line num="144" count="25" type="cond" truecount="2" falsecount="0"/>
        <line num="145" count="2" type="stmt"/>
        <line num="148" count="23" type="cond" truecount="2" falsecount="0"/>
        <line num="149" count="2" type="stmt"/>
        <line num="152" count="21" type="cond" truecount="2" falsecount="0"/>
        <line num="153" count="3" type="stmt"/>
        <line num="156" count="18" type="cond" truecount="2" falsecount="0"/>
        <line num="157" count="5" type="stmt"/>
        <line num="160" count="13" type="cond" truecount="2" falsecount="0"/>
        <line num="161" count="3" type="stmt"/>
        <line num="164" count="10" type="cond" truecount="2" falsecount="0"/>
        <line num="165" count="1" type="stmt"/>
        <line num="168" count="9" type="cond" truecount="2" falsecount="0"/>
        <line num="169" count="1" type="stmt"/>
        <line num="172" count="8" type="cond" truecount="2" falsecount="0"/>
        <line num="173" count="1" type="stmt"/>
        <line num="176" count="7" type="cond" truecount="2" falsecount="0"/>
        <line num="177" count="1" type="stmt"/>
        <line num="180" count="6" type="cond" truecount="2" falsecount="0"/>
        <line num="181" count="1" type="stmt"/>
        <line num="184" count="5" type="cond" truecount="2" falsecount="0"/>
        <line num="185" count="2" type="stmt"/>
        <line num="188" count="3" type="cond" truecount="1" falsecount="1"/>
        <line num="189" count="3" type="stmt"/>
        <line num="192" count="0" type="cond" truecount="0" falsecount="2"/>
        <line num="193" count="0" type="stmt"/>
        <line num="196" count="0" type="stmt"/>
        <line num="200" count="40" type="stmt"/>
        <line num="201" count="40" type="stmt"/>
        <line num="213" count="40" type="stmt"/>
        <line num="214" count="125" type="stmt"/>
        <line num="216" count="125" type="cond" truecount="2" falsecount="0"/>
        <line num="217" count="28" type="stmt"/>
        <line num="218" count="97" type="cond" truecount="2" falsecount="0"/>
        <line num="219" count="4" type="stmt"/>
        <line num="220" count="93" type="cond" truecount="2" falsecount="0"/>
        <line num="221" count="4" type="stmt"/>
        <line num="222" count="4" type="cond" truecount="2" falsecount="0"/>
        <line num="223" count="2" type="stmt"/>
        <line num="225" count="2" type="stmt"/>
        <line num="227" count="89" type="cond" truecount="2" falsecount="0"/>
        <line num="228" count="1" type="stmt"/>
        <line num="229" count="88" type="cond" truecount="2" falsecount="0"/>
        <line num="230" count="2" type="stmt"/>
        <line num="231" count="86" type="cond" truecount="2" falsecount="0"/>
        <line num="232" count="3" type="stmt"/>
        <line num="233" count="83" type="cond" truecount="2" falsecount="0"/>
        <line num="234" count="3" type="stmt"/>
        <line num="235" count="3" type="cond" truecount="2" falsecount="0"/>
        <line num="236" count="2" type="stmt"/>
        <line num="238" count="1" type="stmt"/>
        <line num="240" count="80" type="cond" truecount="2" falsecount="0"/>
        <line num="241" count="1" type="stmt"/>
        <line num="242" count="79" type="cond" truecount="2" falsecount="0"/>
        <line num="243" count="1" type="stmt"/>
        <line num="244" count="78" type="cond" truecount="2" falsecount="0"/>
        <line num="245" count="1" type="stmt"/>
        <line num="246" count="77" type="cond" truecount="2" falsecount="0"/>
        <line num="247" count="2" type="stmt"/>
        <line num="248" count="75" type="cond" truecount="2" falsecount="0"/>
        <line num="249" count="4" type="stmt"/>
        <line num="250" count="71" type="cond" truecount="2" falsecount="0"/>
        <line num="251" count="2" type="stmt"/>
        <line num="252" count="69" type="cond" truecount="2" falsecount="0"/>
        <line num="253" count="2" type="stmt"/>
        <line num="254" count="67" type="cond" truecount="2" falsecount="0"/>
        <line num="255" count="2" type="stmt"/>
        <line num="256" count="65" type="cond" truecount="2" falsecount="0"/>
        <line num="257" count="1" type="cond" truecount="1" falsecount="1"/>
        <line num="258" count="1" type="stmt"/>
        <line num="260" count="1" type="stmt"/>
        <line num="261" count="64" type="cond" truecount="2" falsecount="0"/>
        <line num="262" count="1" type="cond" truecount="1" falsecount="1"/>
        <line num="263" count="1" type="stmt"/>
        <line num="265" count="1" type="stmt"/>
        <line num="266" count="63" type="cond" truecount="2" falsecount="0"/>
        <line num="267" count="1" type="stmt"/>
        <line num="268" count="62" type="cond" truecount="1" falsecount="1"/>
        <line num="269" count="0" type="cond" truecount="0" falsecount="2"/>
        <line num="270" count="0" type="stmt"/>
        <line num="272" count="0" type="stmt"/>
        <line num="273" count="62" type="cond" truecount="1" falsecount="1"/>
        <line num="274" count="0" type="stmt"/>
        <line num="275" count="62" type="cond" truecount="1" falsecount="1"/>
        <line num="276" count="0" type="stmt"/>
        <line num="277" count="62" type="cond" truecount="2" falsecount="0"/>
        <line num="278" count="1" type="stmt"/>
        <line num="279" count="61" type="cond" truecount="3" falsecount="1"/>
        <line num="280" count="0" type="stmt"/>
        <line num="281" count="0" type="stmt"/>
        <line num="282" count="61" type="cond" truecount="4" falsecount="0"/>
        <line num="283" count="40" type="stmt"/>
        <line num="284" count="21" type="cond" truecount="5" falsecount="0"/>
        <line num="285" count="1" type="stmt"/>
        <line num="286" count="20" type="cond" truecount="5" falsecount="0"/>
        <line num="287" count="1" type="stmt"/>
        <line num="288" count="19" type="cond" truecount="5" falsecount="0"/>
        <line num="289" count="8" type="stmt"/>
        <line num="290" count="11" type="cond" truecount="5" falsecount="0"/>
        <line num="291" count="2" type="stmt"/>
        <line num="292" count="9" type="cond" truecount="5" falsecount="0"/>
        <line num="293" count="3" type="stmt"/>
        <line num="294" count="6" type="cond" truecount="5" falsecount="0"/>
        <line num="295" count="2" type="stmt"/>
        <line num="296" count="4" type="cond" truecount="5" falsecount="0"/>
        <line num="297" count="3" type="stmt"/>
        <line num="298" count="1" type="cond" truecount="5" falsecount="1"/>
        <line num="299" count="1" type="stmt"/>
        <line num="301" count="0" type="stmt"/>
        <line num="305" count="40" type="stmt"/>
        <line num="309" count="0" type="stmt"/>
        <line num="364" count="3" type="cond" truecount="1" falsecount="1"/>
        <line num="365" count="0" type="stmt"/>
        <line num="368" count="3" type="cond" truecount="2" falsecount="0"/>
        <line num="369" count="1" type="cond" truecount="1" falsecount="1"/>
        <line num="370" count="1" type="cond" truecount="1" falsecount="1"/>
        <line num="371" count="0" type="stmt"/>
        <line num="374" count="1" type="stmt"/>
        <line num="385" count="1" type="stmt"/>
        <line num="386" count="1" type="stmt"/>
        <line num="395" count="2" type="stmt"/>
        <line num="396" count="3" type="cond" truecount="1" falsecount="1"/>
        <line num="397" count="0" type="stmt"/>
        <line num="400" count="2" type="stmt"/>
        <line num="401" count="2" type="stmt"/>
        <line num="405" count="0" type="stmt"/>
        <line num="406" count="0" type="stmt"/>
        <line num="408" count="0" type="cond" truecount="0" falsecount="2"/>
        <line num="409" count="0" type="stmt"/>
        <line num="412" count="0" type="stmt"/>
        <line num="413" count="0" type="stmt"/>
        <line num="422" count="0" type="stmt"/>
        <line num="426" count="1" type="stmt"/>
        <line num="428" count="1" type="stmt"/>
        <line num="438" count="3" type="stmt"/>
        <line num="439" count="3" type="stmt"/>
        <line num="441" count="3" type="stmt"/>
        <line num="448" count="1" type="stmt"/>
        <line num="450" count="1" type="stmt"/>
        <line num="454" count="1" type="stmt"/>
        <line num="460" count="1" type="stmt"/>
        <line num="461" count="1" type="cond" truecount="1" falsecount="1"/>
        <line num="462" count="1" type="stmt"/>
        <line num="465" count="1" type="stmt"/>
        <line num="472" count="2" type="cond" truecount="2" falsecount="0"/>
        <line num="473" count="1" type="stmt"/>
        <line num="476" count="1" type="cond" truecount="1" falsecount="1"/>
        <line num="477" count="0" type="stmt"/>
        <line num="480" count="1" type="cond" truecount="1" falsecount="1"/>
        <line num="481" count="2" type="stmt"/>
        <line num="486" count="1" type="stmt"/>
        <line num="493" count="5" type="stmt"/>
        <line num="494" count="5" type="stmt"/>
        <line num="495" count="5" type="stmt"/>
        <line num="497" count="5" type="cond" truecount="2" falsecount="0"/>
        <line num="498" count="1" type="stmt"/>
        <line num="499" count="1" type="stmt"/>
        <line num="505" count="4" type="cond" truecount="2" falsecount="0"/>
        <line num="506" count="3" type="stmt"/>
        <line num="507" count="3" type="stmt"/>
        <line num="512" count="3" type="cond" truecount="2" falsecount="0"/>
        <line num="513" count="1" type="stmt"/>
        <line num="514" count="1" type="cond" truecount="1" falsecount="1"/>
        <line num="515" count="0" type="stmt"/>
        <line num="516" count="0" type="stmt"/>
        <line num="517" count="0" type="stmt"/>
        <line num="518" count="0" type="stmt"/>
        <line num="519" count="0" type="stmt"/>
        <line num="520" count="0" type="stmt"/>
        <line num="522" count="1" type="stmt"/>
        <line num="524" count="2" type="stmt"/>
        <line num="527" count="3" type="cond" truecount="2" falsecount="0"/>
        <line num="530" count="2" type="cond" truecount="1" falsecount="1"/>
        <line num="531" count="0" type="stmt"/>
        <line num="532" count="0" type="stmt"/>
        <line num="533" count="0" type="stmt"/>
        <line num="534" count="0" type="stmt"/>
        <line num="535" count="0" type="stmt"/>
        <line num="536" count="0" type="stmt"/>
        <line num="538" count="2" type="stmt"/>
        <line num="541" count="1" type="cond" truecount="1" falsecount="1"/>
        <line num="542" count="0" type="stmt"/>
        <line num="545" count="1" type="cond" truecount="1" falsecount="1"/>
        <line num="546" count="1" type="stmt"/>
        <line num="547" count="1" type="cond" truecount="2" falsecount="0"/>
        <line num="548" count="0" type="stmt"/>
        <line num="549" count="1" type="stmt"/>
        <line num="558" count="0" type="cond" truecount="0" falsecount="2"/>
        <line num="559" count="5" type="stmt"/>
        <line num="560" count="0" type="cond" truecount="0" falsecount="2"/>
        <line num="561" count="0" type="stmt"/>
        <line num="563" count="0" type="stmt"/>
        <line num="570" count="3" type="stmt"/>
        <line num="572" count="3" type="cond" truecount="2" falsecount="0"/>
        <line num="573" count="1" type="stmt"/>
        <line num="575" count="1" type="stmt"/>
        <line num="581" count="2" type="cond" truecount="1" falsecount="1"/>
        <line num="582" count="0" type="stmt"/>
        <line num="585" count="2" type="cond" truecount="2" falsecount="0"/>
        <line num="586" count="1" type="stmt"/>
        <line num="588" count="1" type="stmt"/>
        <line num="594" count="1" type="cond" truecount="1" falsecount="1"/>
        <line num="595" count="0" type="stmt"/>
        <line num="598" count="1" type="stmt"/>
        <line num="605" count="1" type="stmt"/>
        <line num="612" count="1" type="stmt"/>
        <line num="613" count="1" type="stmt"/>
        <line num="615" count="1" type="stmt"/>
        <line num="616" count="2" type="cond" truecount="1" falsecount="1"/>
        <line num="617" count="0" type="stmt"/>
        <line num="620" count="2" type="stmt"/>
        <line num="621" count="2" type="stmt"/>
        <line num="627" count="1" type="stmt"/>
        <line num="628" count="0" type="stmt"/>
        <line num="631" count="1" type="stmt"/>
        <line num="633" count="1" type="stmt"/>
        <line num="638" count="2" type="stmt"/>
        <line num="639" count="2" type="stmt"/>
        <line num="640" count="7" type="stmt"/>
        <line num="641" count="7" type="stmt"/>
        <line num="642" count="7" type="stmt"/>
        <line num="643" count="7" type="stmt"/>
        <line num="644" count="7" type="stmt"/>
        <line num="646" count="2" type="stmt"/>
        <line num="647" count="2" type="stmt"/>
        <line num="648" count="2" type="stmt"/>
        <line num="650" count="2" type="stmt"/>
        <line num="652" count="2" type="stmt"/>
        <line num="653" count="2" type="cond" truecount="2" falsecount="0"/>
        <line num="654" count="1" type="stmt"/>
        <line num="657" count="2" type="stmt"/>
        <line num="661" count="1" type="stmt"/>
        <line num="662" count="1" type="stmt"/>
        <line num="663" count="1" type="stmt"/>
        <line num="669" count="2" type="cond" truecount="1" falsecount="1"/>
        <line num="670" count="0" type="stmt"/>
        <line num="673" count="2" type="stmt"/>
        <line num="683" count="2" type="stmt"/>
        <line num="687" count="3" type="stmt"/>
        <line num="691" count="3" type="stmt"/>
        <line num="692" count="3" type="cond" truecount="2" falsecount="0"/>
        <line num="693" count="1" type="stmt"/>
        <line num="696" count="2" type="stmt"/>
        <line num="709" count="1" type="cond" truecount="2" falsecount="0"/>
        <line num="711" count="0" type="cond" truecount="2" falsecount="0"/>
        <line num="712" count="0" type="cond" truecount="2" falsecount="0"/>
        <line num="718" count="1" type="stmt"/>
        <line num="725" count="0" type="cond" truecount="0" falsecount="4"/>
        <line num="727" count="0" type="stmt"/>
        <line num="732" count="1" type="stmt"/>
        <line num="734" count="1" type="stmt"/>
        <line num="740" count="1" type="stmt"/>
        <line num="745" count="1" type="cond" truecount="1" falsecount="1"/>
        <line num="746" count="0" type="stmt"/>
        <line num="749" count="1" type="stmt"/>
        <line num="750" count="1" type="stmt"/>
        <line num="752" count="1" type="stmt"/>
        <line num="756" count="1" type="stmt"/>
        <line num="762" count="1" type="stmt"/>
        <line num="763" count="1" type="stmt"/>
        <line num="764" count="1" type="stmt"/>
        <line num="765" count="1" type="stmt"/>
        <line num="770" count="1" type="stmt"/>
        <line num="776" count="1" type="stmt"/>
        <line num="780" count="1" type="cond" truecount="1" falsecount="1"/>
        <line num="786" count="2" type="stmt"/>
        <line num="792" count="1" type="stmt"/>
        <line num="793" count="1" type="cond" truecount="1" falsecount="1"/>
        <line num="794" count="0" type="stmt"/>
        <line num="797" count="1" type="stmt"/>
        <line num="798" count="1" type="stmt"/>
        <line num="804" count="2" type="cond" truecount="2" falsecount="0"/>
        <line num="805" count="2" type="cond" truecount="2" falsecount="0"/>
        <line num="806" count="2" type="stmt"/>
        <line num="807" count="2" type="stmt"/>
        <line num="808" count="2" type="stmt"/>
        <line num="809" count="2" type="stmt"/>
        <line num="810" count="2" type="stmt"/>
        <line num="811" count="2" type="stmt"/>
        <line num="842" count="2" type="cond" truecount="2" falsecount="0"/>
        <line num="843" count="1" type="stmt"/>
        <line num="844" count="1" type="stmt"/>
        <line num="845" count="1" type="stmt"/>
        <line num="846" count="1" type="stmt"/>
        <line num="847" count="1" type="stmt"/>
        <line num="848" count="1" type="stmt"/>
        <line num="851" count="1" type="stmt"/>
        <line num="855" count="6" type="cond" truecount="2" falsecount="0"/>
        <line num="856" count="6" type="cond" truecount="1" falsecount="1"/>
        <line num="857" count="6" type="cond" truecount="1" falsecount="1"/>
        <line num="858" count="6" type="cond" truecount="2" falsecount="0"/>
        <line num="859" count="6" type="cond" truecount="1" falsecount="1"/>
        <line num="860" count="6" type="cond" truecount="1" falsecount="1"/>
        <line num="861" count="6" type="cond" truecount="1" falsecount="1"/>
        <line num="862" count="6" type="cond" truecount="1" falsecount="1"/>
        <line num="864" count="6" type="stmt"/>
        <line num="868" count="4" type="stmt"/>
        <line num="869" count="4" type="stmt"/>
        <line num="870" count="12" type="cond" truecount="4" falsecount="0"/>
        <line num="871" count="2" type="stmt"/>
        <line num="874" count="10" type="cond" truecount="2" falsecount="0"/>
        <line num="875" count="7" type="stmt"/>
        <line num="878" count="3" type="cond" truecount="4" falsecount="0"/>
        <line num="879" count="12" type="stmt"/>
        <line num="884" count="3" type="cond" truecount="1" falsecount="1"/>
        <line num="886" count="3" type="stmt"/>
        <line num="890" count="3" type="cond" truecount="1" falsecount="1"/>
        <line num="891" count="3" type="cond" truecount="1" falsecount="1"/>
        <line num="893" count="3" type="stmt"/>
        <line num="897" count="1" type="stmt"/>
        <line num="901" count="14" type="stmt"/>
        <line num="905" count="2" type="cond" truecount="2" falsecount="0"/>
        <line num="906" count="1" type="stmt"/>
        <line num="909" count="1" type="cond" truecount="1" falsecount="1"/>
        <line num="913" count="30" type="stmt"/>
        <line num="920" count="4" type="stmt"/>
        <line num="921" count="4" type="cond" truecount="2" falsecount="0"/>
        <line num="925" count="40" type="cond" truecount="1" falsecount="1"/>
        <line num="943" count="40" type="stmt"/>
        <line num="946" count="0" type="stmt"/>
        <line num="950" count="3" type="cond" truecount="3" falsecount="1"/>
        <line num="951" count="3" type="stmt"/>
        <line num="953" count="0" type="stmt"/>
        <line num="957" count="1" type="cond" truecount="3" falsecount="2"/>
        <line num="958" count="1" type="stmt"/>
        <line num="961" count="0" type="stmt"/>
        <line num="965" count="8" type="cond" truecount="6" falsecount="1"/>
        <line num="966" count="8" type="stmt"/>
        <line num="969" count="0" type="stmt"/>
        <line num="973" count="4" type="cond" truecount="3" falsecount="1"/>
        <line num="974" count="4" type="stmt"/>
        <line num="976" count="0" type="stmt"/>
        <line num="980" count="2" type="cond" truecount="1" falsecount="1"/>
        <line num="987" count="2" type="stmt"/>
        <line num="989" count="0" type="stmt"/>
        <line num="999" count="3" type="stmt"/>
        <line num="1001" count="3" type="stmt"/>
        <line num="1002" count="3" type="cond" truecount="1" falsecount="1"/>
        <line num="1003" count="0" type="stmt"/>
        <line num="1005" count="3" type="stmt"/>
        <line num="1013" count="3" type="stmt"/>
        <line num="1014" count="3" type="cond" truecount="1" falsecount="1"/>
        <line num="1019" count="0" type="stmt"/>
        <line num="1021" count="3" type="stmt"/>
        <line num="1022" count="3" type="stmt"/>
        <line num="1036" count="3" type="stmt"/>
        <line num="1044" count="1" type="stmt"/>
        <line num="1045" count="1" type="stmt"/>
        <line num="1046" count="1" type="cond" truecount="2" falsecount="2"/>
        <line num="1047" count="0" type="stmt"/>
        <line num="1049" count="1" type="cond" truecount="1" falsecount="1"/>
        <line num="1050" count="1" type="stmt"/>
        <line num="1052" count="0" type="cond" truecount="1" falsecount="3"/>
        <line num="1053" count="1" type="stmt"/>
        <line num="1062" count="3" type="stmt"/>
        <line num="1063" count="3" type="stmt"/>
        <line num="1064" count="6" type="cond" truecount="4" falsecount="0"/>
        <line num="1065" count="1" type="stmt"/>
        <line num="1067" count="5" type="cond" truecount="2" falsecount="0"/>
        <line num="1068" count="4" type="stmt"/>
        <line num="1070" count="1" type="cond" truecount="1" falsecount="1"/>
        <line num="1071" count="6" type="stmt"/>
        <line num="1076" count="3" type="cond" truecount="4" falsecount="1"/>
        <line num="1077" count="3" type="stmt"/>
        <line num="1080" count="0" type="stmt"/>
        <line num="1084" count="1" type="cond" truecount="2" falsecount="3"/>
        <line num="1085" count="1" type="stmt"/>
        <line num="1088" count="0" type="stmt"/>
        <line num="1092" count="1" type="stmt"/>
        <line num="1094" count="1" type="cond" truecount="3" falsecount="1"/>
        <line num="1095" count="0" type="stmt"/>
        <line num="1098" count="1" type="stmt"/>
        <line num="1102" count="59" type="stmt"/>
        <line num="1104" count="59" type="cond" truecount="1" falsecount="1"/>
        <line num="1105" count="0" type="stmt"/>
        <line num="1108" count="59" type="stmt"/>
      </file>
      <file name="discovery-inbound.ts" path="/Users/shileipeng/Documents/mygithub/EnvoyMesh/apps/node/src/discovery-inbound.ts">
        <metrics statements="155" coveredstatements="128" conditionals="100" coveredconditionals="74" methods="23" coveredmethods="22"/>
        <line num="29" count="9" type="stmt"/>
        <line num="30" count="9" type="stmt"/>
        <line num="31" count="9" type="stmt"/>
        <line num="34" count="9" type="stmt"/>
        <line num="35" count="9" type="stmt"/>
        <line num="36" count="9" type="stmt"/>
        <line num="51" count="13" type="cond" truecount="1" falsecount="0"/>
        <line num="53" count="13" type="stmt"/>
        <line num="54" count="13" type="cond" truecount="2" falsecount="0"/>
        <line num="55" count="9" type="stmt"/>
        <line num="56" count="9" type="stmt"/>
        <line num="57" count="8" type="cond" truecount="2" falsecount="0"/>
        <line num="61" count="9" type="cond" truecount="2" falsecount="0"/>
        <line num="62" count="5" type="cond" truecount="1" falsecount="1"/>
        <line num="63" count="0" type="stmt"/>
        <line num="64" count="0" type="stmt"/>
        <line num="65" count="0" type="stmt"/>
        <line num="69" count="5" type="cond" truecount="2" falsecount="2"/>
        <line num="70" count="0" type="cond" truecount="0" falsecount="2"/>
        <line num="72" count="0" type="stmt"/>
        <line num="77" count="5" type="cond" truecount="1" falsecount="1"/>
        <line num="79" count="0" type="stmt"/>
        <line num="83" count="5" type="cond" truecount="2" falsecount="0"/>
        <line num="84" count="3" type="stmt"/>
        <line num="85" count="3" type="stmt"/>
        <line num="86" count="3" type="stmt"/>
        <line num="90" count="2" type="cond" truecount="2" falsecount="0"/>
        <line num="91" count="5" type="cond" truecount="2" falsecount="0"/>
        <line num="92" count="5" type="cond" truecount="2" falsecount="0"/>
        <line num="93" count="1" type="stmt"/>
        <line num="94" count="1" type="stmt"/>
        <line num="95" count="1" type="stmt"/>
        <line num="100" count="4" type="cond" truecount="2" falsecount="0"/>
        <line num="101" count="1" type="stmt"/>
        <line num="102" count="1" type="stmt"/>
        <line num="103" count="1" type="stmt"/>
        <line num="106" count="3" type="cond" truecount="1" falsecount="1"/>
        <line num="107" count="0" type="stmt"/>
        <line num="108" count="0" type="stmt"/>
        <line num="109" count="0" type="stmt"/>
        <line num="113" count="3" type="cond" truecount="2" falsecount="0"/>
        <line num="114" count="1" type="cond" truecount="1" falsecount="1"/>
        <line num="115" count="0" type="stmt"/>
        <line num="116" count="0" type="stmt"/>
        <line num="117" count="0" type="stmt"/>
        <line num="121" count="1" type="stmt"/>
        <line num="122" count="1" type="stmt"/>
        <line num="123" count="1" type="stmt"/>
        <line num="125" count="1" type="stmt"/>
        <line num="126" count="1" type="stmt"/>
        <line num="128" count="1" type="cond" truecount="2" falsecount="2"/>
        <line num="139" count="1" type="stmt"/>
        <line num="152" count="1" type="stmt"/>
        <line num="159" count="1" type="stmt"/>
        <line num="165" count="2" type="cond" truecount="3" falsecount="1"/>
        <line num="166" count="0" type="stmt"/>
        <line num="167" count="0" type="stmt"/>
        <line num="168" count="0" type="stmt"/>
        <line num="172" count="2" type="cond" truecount="2" falsecount="0"/>
        <line num="173" count="9" type="cond" truecount="1" falsecount="1"/>
        <line num="174" count="0" type="stmt"/>
        <line num="175" count="0" type="stmt"/>
        <line num="176" count="0" type="stmt"/>
        <line num="180" count="2" type="stmt"/>
        <line num="181" count="2" type="stmt"/>
        <line num="182" count="2" type="stmt"/>
        <line num="186" count="2" type="stmt"/>
        <line num="191" count="2" type="stmt"/>
        <line num="192" count="2" type="stmt"/>
        <line num="195" count="2" type="cond" truecount="3" falsecount="1"/>
        <line num="206" count="9" type="stmt"/>
        <line num="221" count="2" type="stmt"/>
        <line num="228" count="2" type="stmt"/>
        <line num="231" count="4" type="cond" truecount="2" falsecount="0"/>
        <line num="232" count="2" type="stmt"/>
        <line num="233" count="2" type="stmt"/>
        <line num="248" count="1" type="stmt"/>
        <line num="256" count="1" type="stmt"/>
        <line num="257" count="1" type="stmt"/>
        <line num="264" count="1" type="stmt"/>
        <line num="267" count="2" type="stmt"/>
        <line num="269" count="2" type="cond" truecount="1" falsecount="1"/>
        <line num="270" count="2" type="stmt"/>
        <line num="285" count="7" type="stmt"/>
        <line num="287" count="7" type="stmt"/>
        <line num="288" count="7" type="cond" truecount="2" falsecount="0"/>
        <line num="290" count="3" type="stmt"/>
        <line num="291" count="6" type="stmt"/>
        <line num="292" count="3" type="stmt"/>
        <line num="298" count="3" type="stmt"/>
        <line num="300" count="3" type="stmt"/>
        <line num="301" count="3" type="stmt"/>
        <line num="306" count="3" type="stmt"/>
        <line num="322" count="3" type="stmt"/>
        <line num="325" count="4" type="cond" truecount="2" falsecount="0"/>
        <line num="326" count="3" type="stmt"/>
        <line num="327" count="3" type="stmt"/>
        <line num="328" count="3" type="stmt"/>
        <line num="343" count="2" type="stmt"/>
        <line num="346" count="1" type="stmt"/>
        <line num="348" count="1" type="cond" truecount="1" falsecount="1"/>
        <line num="349" count="1" type="stmt"/>
        <line num="354" count="6" type="stmt"/>
        <line num="355" count="12" type="stmt"/>
        <line num="356" count="12" type="cond" truecount="2" falsecount="0"/>
        <line num="357" count="10" type="stmt"/>
        <line num="358" count="9" type="stmt"/>
        <line num="360" count="6" type="stmt"/>
        <line num="370" count="3" type="stmt"/>
        <line num="371" count="3" type="cond" truecount="4" falsecount="1"/>
        <line num="372" count="0" type="stmt"/>
        <line num="375" count="3" type="stmt"/>
        <line num="376" count="3" type="cond" truecount="3" falsecount="1"/>
        <line num="377" count="0" type="stmt"/>
        <line num="380" count="3" type="stmt"/>
        <line num="381" count="3" type="stmt"/>
        <line num="382" count="3" type="cond" truecount="1" falsecount="1"/>
        <line num="383" count="0" type="stmt"/>
        <line num="386" count="3" type="stmt"/>
        <line num="387" count="3" type="stmt"/>
        <line num="388" count="3" type="cond" truecount="1" falsecount="1"/>
        <line num="389" count="0" type="stmt"/>
        <line num="392" count="3" type="stmt"/>
        <line num="393" count="3" type="stmt"/>
        <line num="394" count="3" type="stmt"/>
        <line num="395" count="3" type="cond" truecount="3" falsecount="1"/>
        <line num="396" count="0" type="stmt"/>
        <line num="398" count="3" type="cond" truecount="2" falsecount="0"/>
        <line num="399" count="1" type="stmt"/>
        <line num="401" count="2" type="stmt"/>
        <line num="404" count="3" type="stmt"/>
        <line num="408" count="5" type="stmt"/>
        <line num="421" count="5" type="stmt"/>
        <line num="422" count="5" type="stmt"/>
        <line num="453" count="3" type="stmt"/>
        <line num="454" count="3" type="stmt"/>
        <line num="469" count="3" type="stmt"/>
        <line num="491" count="3" type="stmt"/>
        <line num="492" count="3" type="cond" truecount="2" falsecount="0"/>
        <line num="493" count="3" type="stmt"/>
        <line num="494" count="3" type="cond" truecount="1" falsecount="1"/>
        <line num="495" count="0" type="stmt"/>
        <line num="496" count="0" type="stmt"/>
        <line num="498" count="3" type="stmt"/>
        <line num="499" count="3" type="stmt"/>
        <line num="500" count="3" type="stmt"/>
        <line num="508" count="5" type="stmt"/>
        <line num="509" count="5" type="cond" truecount="2" falsecount="0"/>
        <line num="510" count="6" type="stmt"/>
        <line num="511" count="5" type="cond" truecount="1" falsecount="1"/>
        <line num="512" count="0" type="stmt"/>
        <line num="513" count="0" type="stmt"/>
        <line num="515" count="5" type="stmt"/>
        <line num="516" count="5" type="stmt"/>
        <line num="517" count="5" type="stmt"/>
      </file>
      <file name="discovery-report.ts" path="/Users/shileipeng/Documents/mygithub/EnvoyMesh/apps/node/src/discovery-report.ts">
        <metrics statements="41" coveredstatements="34" conditionals="30" coveredconditionals="18" methods="12" coveredmethods="11"/>
        <line num="4" count="2" type="stmt"/>
        <line num="8" count="3" type="stmt"/>
        <line num="9" count="10" type="cond" truecount="2" falsecount="0"/>
        <line num="10" count="3" type="stmt"/>
        <line num="12" count="3" type="stmt"/>
        <line num="13" count="3" type="stmt"/>
        <line num="14" count="3" type="stmt"/>
        <line num="15" count="5" type="stmt"/>
        <line num="16" count="5" type="cond" truecount="4" falsecount="0"/>
        <line num="17" count="1" type="stmt"/>
        <line num="19" count="4" type="stmt"/>
        <line num="20" count="4" type="stmt"/>
        <line num="21" count="4" type="cond" truecount="1" falsecount="1"/>
        <line num="22" count="0" type="stmt"/>
        <line num="26" count="3" type="cond" truecount="1" falsecount="1"/>
        <line num="27" count="0" type="stmt"/>
        <line num="30" count="3" type="stmt"/>
        <line num="31" count="4" type="stmt"/>
        <line num="32" count="4" type="stmt"/>
        <line num="33" count="4" type="stmt"/>
        <line num="38" count="4" type="stmt"/>
        <line num="43" count="9" type="cond" truecount="1" falsecount="1"/>
        <line num="44" count="9" type="stmt"/>
        <line num="46" count="0" type="stmt"/>
        <line num="47" count="0" type="stmt"/>
        <line num="51" count="4" type="stmt"/>
        <line num="52" count="4" type="stmt"/>
        <line num="53" count="4" type="stmt"/>
        <line num="60" count="3" type="stmt"/>
        <line num="61" count="9" type="cond" truecount="2" falsecount="0"/>
        <line num="62" count="1" type="stmt"/>
        <line num="65" count="3" type="stmt"/>
        <line num="66" count="2" type="cond" truecount="1" falsecount="1"/>
        <line num="67" count="2" type="cond" truecount="1" falsecount="1"/>
        <line num="68" count="2" type="stmt"/>
        <line num="73" count="3" type="stmt"/>
        <line num="74" count="3" type="cond" truecount="1" falsecount="1"/>
        <line num="75" count="3" type="stmt"/>
        <line num="77" count="0" type="stmt"/>
        <line num="79" count="0" type="cond" truecount="0" falsecount="2"/>
        <line num="80" count="0" type="stmt"/>
      </file>
      <file name="discovery-seed-store.ts" path="/Users/shileipeng/Documents/mygithub/EnvoyMesh/apps/node/src/discovery-seed-store.ts">
        <metrics statements="69" coveredstatements="58" conditionals="32" coveredconditionals="24" methods="19" coveredmethods="18"/>
        <line num="5" count="6" type="stmt"/>
        <line num="6" count="6" type="stmt"/>
        <line num="34" count="27" type="stmt"/>
        <line num="36" count="27" type="stmt"/>
        <line num="39" count="29" type="stmt"/>
        <line num="40" count="29" type="stmt"/>
        <line num="41" count="29" type="stmt"/>
        <line num="44" count="27" type="stmt"/>
        <line num="46" count="6" type="stmt"/>
        <line num="47" count="24" type="stmt"/>
        <line num="52" count="26" type="stmt"/>
        <line num="56" count="31" type="stmt"/>
        <line num="57" count="31" type="cond" truecount="2" falsecount="0"/>
        <line num="58" count="2" type="stmt"/>
        <line num="61" count="29" type="stmt"/>
        <line num="62" count="29" type="cond" truecount="2" falsecount="0"/>
        <line num="63" count="29" type="stmt"/>
        <line num="64" count="278" type="stmt"/>
        <line num="65" count="29" type="cond" truecount="2" falsecount="0"/>
        <line num="66" count="1" type="stmt"/>
        <line num="67" count="1" type="stmt"/>
        <line num="69" count="28" type="stmt"/>
        <line num="75" count="29" type="stmt"/>
        <line num="76" count="365" type="stmt"/>
        <line num="78" count="29" type="stmt"/>
        <line num="83" count="1" type="stmt"/>
        <line num="84" count="3" type="stmt"/>
        <line num="92" count="35" type="stmt"/>
        <line num="93" count="35" type="stmt"/>
        <line num="95" count="5" type="cond" truecount="1" falsecount="1"/>
        <line num="96" count="5" type="stmt"/>
        <line num="98" count="0" type="stmt"/>
        <line num="101" count="30" type="stmt"/>
        <line num="102" count="30" type="stmt"/>
        <line num="103" count="30" type="cond" truecount="1" falsecount="1"/>
        <line num="104" count="0" type="stmt"/>
        <line num="106" count="29" type="stmt"/>
        <line num="108" count="1" type="stmt"/>
        <line num="109" count="1" type="stmt"/>
        <line num="114" count="29" type="cond" truecount="3" falsecount="1"/>
        <line num="115" count="0" type="stmt"/>
        <line num="117" count="29" type="stmt"/>
        <line num="118" count="29" type="cond" truecount="3" falsecount="1"/>
        <line num="119" count="0" type="stmt"/>
        <line num="121" count="29" type="stmt"/>
        <line num="123" count="306" type="cond" truecount="5" falsecount="0"/>
        <line num="132" count="1" type="cond" truecount="1" falsecount="1"/>
        <line num="133" count="1" type="stmt"/>
        <line num="136" count="1" type="stmt"/>
        <line num="137" count="1" type="stmt"/>
        <line num="138" count="1" type="stmt"/>
        <line num="142" count="1" type="stmt"/>
        <line num="143" count="1" type="stmt"/>
        <line num="154" count="29" type="cond" truecount="1" falsecount="1"/>
        <line num="155" count="0" type="stmt"/>
        <line num="156" count="0" type="stmt"/>
        <line num="158" count="0" type="cond" truecount="0" falsecount="2"/>
        <line num="159" count="0" type="stmt"/>
        <line num="163" count="29" type="stmt"/>
        <line num="167" count="29" type="stmt"/>
        <line num="168" count="29" type="stmt"/>
        <line num="169" count="29" type="stmt"/>
        <line num="170" count="29" type="stmt"/>
        <line num="171" count="29" type="stmt"/>
        <line num="172" count="29" type="stmt"/>
        <line num="174" count="0" type="stmt"/>
        <line num="175" count="0" type="stmt"/>
        <line num="179" count="0" type="stmt"/>
        <line num="184" count="5" type="cond" truecount="3" falsecount="0"/>
      </file>
      <file name="inbound-guard.ts" path="/Users/shileipeng/Documents/mygithub/EnvoyMesh/apps/node/src/inbound-guard.ts">
        <metrics statements="25" coveredstatements="25" conditionals="15" coveredconditionals="14" methods="2" coveredmethods="2"/>
        <line num="18" count="5" type="stmt"/>
        <line num="19" count="5" type="stmt"/>
        <line num="24" count="6" type="stmt"/>
        <line num="25" count="6" type="stmt"/>
        <line num="26" count="6" type="cond" truecount="2" falsecount="0"/>
        <line num="27" count="6" type="cond" truecount="2" falsecount="0"/>
        <line num="29" count="6" type="stmt"/>
        <line num="31" count="13" type="stmt"/>
        <line num="33" count="13" type="cond" truecount="2" falsecount="0"/>
        <line num="34" count="1" type="stmt"/>
        <line num="37" count="12" type="stmt"/>
[...]
        <line num="7" count="4" type="stmt"/>
        <line num="8" count="4" type="stmt"/>
        <line num="9" count="4" type="stmt"/>
        <line num="10" count="4" type="stmt"/>
        <line num="11" count="8" type="cond" truecount="2" falsecount="0"/>
        <line num="12" count="4" type="stmt"/>
        <line num="14" count="4" type="stmt"/>
        <line num="17" count="4" type="stmt"/>
        <line num="24" count="3" type="stmt"/>
        <line num="25" count="3" type="stmt"/>
        <line num="26" count="3" type="stmt"/>
        <line num="27" count="3" type="cond" truecount="3" falsecount="1"/>
        <line num="28" count="0" type="stmt"/>
        <line num="30" count="3" type="stmt"/>
        <line num="31" count="3" type="stmt"/>
        <line num="32" count="3" type="cond" truecount="1" falsecount="1"/>
        <line num="33" count="3" type="stmt"/>
        <line num="34" count="3" type="stmt"/>
        <line num="40" count="3" type="stmt"/>
      </file>
    </package>
    <package name="packages.protocol.src">
      <metrics statements="269" coveredstatements="246" conditionals="192" coveredconditionals="146" methods="137" coveredmethods="118"/>
      <file name="index.ts" path="/Users/shileipeng/Documents/mygithub/EnvoyMesh/packages/protocol/src/index.ts">
        <metrics statements="269" coveredstatements="246" conditionals="192" coveredconditionals="146" methods="137" coveredmethods="118"/>
        <line num="4" count="63" type="stmt"/>
        <line num="58" count="63" type="stmt"/>
        <line num="60" count="63" type="stmt"/>
        <line num="61" count="63" type="stmt"/>
        <line num="63" count="63" type="stmt"/>
        <line num="79" count="63" type="stmt"/>
        <line num="84" count="63" type="stmt"/>
        <line num="96" count="63" type="stmt"/>
        <line num="100" count="63" type="stmt"/>
        <line num="108" count="63" type="stmt"/>
        <line num="118" count="63" type="stmt"/>
        <line num="122" count="63" type="stmt"/>
        <line num="137" count="63" type="stmt"/>
        <line num="138" count="72" type="stmt"/>
        <line num="139" count="72" type="cond" truecount="1" falsecount="1"/>
        <line num="140" count="0" type="stmt"/>
        <line num="148" count="63" type="stmt"/>
        <line num="151" count="254" type="stmt"/>
        <line num="152" count="254" type="cond" truecount="2" falsecount="0"/>
        <line num="153" count="2" type="stmt"/>
        <line num="161" count="63" type="stmt"/>
        <line num="166" count="63" type="stmt"/>
        <line num="181" count="63" type="stmt"/>
        <line num="192" count="63" type="stmt"/>
        <line num="199" count="63" type="stmt"/>
        <line num="206" count="63" type="stmt"/>
        <line num="217" count="63" type="stmt"/>
        <line num="224" count="63" type="stmt"/>
        <line num="230" count="63" type="stmt"/>
        <line num="236" count="63" type="stmt"/>
        <line num="247" count="63" type="stmt"/>
        <line num="254" count="63" type="stmt"/>
        <line num="265" count="63" type="stmt"/>
        <line num="272" count="63" type="stmt"/>
        <line num="281" count="63" type="stmt"/>
        <line num="288" count="63" type="stmt"/>
        <line num="300" count="63" type="stmt"/>
        <line num="332" count="5" type="stmt"/>
        <line num="333" count="5" type="stmt"/>
        <line num="346" count="5" type="stmt"/>
        <line num="353" count="1" type="stmt"/>
        <line num="354" count="1" type="stmt"/>
        <line num="358" count="63" type="stmt"/>
        <line num="364" count="63" type="stmt"/>
        <line num="380" count="63" type="stmt"/>
        <line num="403" count="63" type="stmt"/>
        <line num="422" count="63" type="stmt"/>
        <line num="430" count="63" type="stmt"/>
        <line num="433" count="63" type="stmt"/>
        <line num="441" count="63" type="stmt"/>
        <line num="450" count="63" type="stmt"/>
        <line num="460" count="63" type="stmt"/>
        <line num="475" count="2" type="stmt"/>
        <line num="483" count="8" type="stmt"/>
        <line num="486" count="63" type="stmt"/>
        <line num="496" count="15" type="cond" truecount="2" falsecount="0"/>
        <line num="500" count="63" type="stmt"/>
        <line num="507" count="63" type="stmt"/>
        <line num="515" count="63" type="stmt"/>
        <line num="538" count="63" type="stmt"/>
        <line num="549" count="63" type="stmt"/>
        <line num="555" count="63" type="stmt"/>
        <line num="558" count="63" type="stmt"/>
        <line num="566" count="63" type="stmt"/>
        <line num="571" count="63" type="stmt"/>
        <line num="573" count="63" type="stmt"/>
        <line num="579" count="2" type="cond" truecount="1" falsecount="1"/>
        <line num="583" count="63" type="stmt"/>
        <line num="592" count="63" type="stmt"/>
        <line num="602" count="63" type="stmt"/>
        <line num="612" count="63" type="stmt"/>
        <line num="626" count="2" type="cond" truecount="3" falsecount="1"/>
        <line num="630" count="63" type="stmt"/>
        <line num="639" count="63" type="stmt"/>
        <line num="646" count="63" type="stmt"/>
        <line num="652" count="63" type="stmt"/>
        <line num="653" count="63" type="stmt"/>
        <line num="655" count="63" type="stmt"/>
        <line num="666" count="63" type="stmt"/>
        <line num="672" count="63" type="stmt"/>
        <line num="685" count="63" type="stmt"/>
        <line num="691" count="63" type="stmt"/>
        <line num="699" count="63" type="stmt"/>
        <line num="715" count="63" type="stmt"/>
        <line num="716" count="63" type="stmt"/>
        <line num="722" count="63" type="stmt"/>
        <line num="733" count="63" type="stmt"/>
        <line num="749" count="63" type="stmt"/>
        <line num="759" count="63" type="stmt"/>
        <line num="763" count="63" type="stmt"/>
        <line num="768" count="63" type="stmt"/>
        <line num="782" count="63" type="stmt"/>
        <line num="784" count="63" type="stmt"/>
        <line num="789" count="63" type="stmt"/>
        <line num="808" count="63" type="stmt"/>
        <line num="812" count="63" type="stmt"/>
        <line num="822" count="63" type="stmt"/>
        <line num="826" count="63" type="stmt"/>
        <line num="831" count="63" type="stmt"/>
        <line num="845" count="63" type="stmt"/>
        <line num="859" count="63" type="stmt"/>
        <line num="873" count="63" type="stmt"/>
        <line num="883" count="63" type="stmt"/>
        <line num="893" count="63" type="stmt"/>
        <line num="900" count="63" type="stmt"/>
        <line num="908" count="63" type="stmt"/>
        <line num="919" count="63" type="stmt"/>
        <line num="932" count="63" type="stmt"/>
        <line num="936" count="63" type="stmt"/>
        <line num="945" count="63" type="stmt"/>
        <line num="955" count="63" type="stmt"/>
        <line num="964" count="63" type="stmt"/>
        <line num="974" count="63" type="stmt"/>
        <line num="978" count="63" type="stmt"/>
        <line num="980" count="63" type="stmt"/>
        <line num="993" count="63" type="stmt"/>
        <line num="1000" count="63" type="stmt"/>
        <line num="1006" count="63" type="stmt"/>
        <line num="1020" count="63" type="stmt"/>
        <line num="1143" count="254" type="cond" truecount="2" falsecount="0"/>
        <line num="1148" count="254" type="stmt"/>
        <line num="1164" count="62" type="stmt"/>
        <line num="1168" count="0" type="stmt"/>
        <line num="1172" count="1" type="stmt"/>
        <line num="1176" count="2" type="stmt"/>
        <line num="1180" count="3" type="stmt"/>
        <line num="1184" count="1" type="stmt"/>
        <line num="1188" count="1" type="stmt"/>
        <line num="1192" count="1" type="stmt"/>
        <line num="1198" count="0" type="stmt"/>
        <line num="1202" count="1" type="stmt"/>
        <line num="1206" count="1" type="stmt"/>
        <line num="1210" count="1" type="stmt"/>
        <line num="1214" count="15" type="stmt"/>
        <line num="1218" count="1" type="stmt"/>
        <line num="1222" count="12" type="stmt"/>
        <line num="1226" count="0" type="stmt"/>
        <line num="1230" count="5" type="stmt"/>
        <line num="1234" count="8" type="stmt"/>
        <line num="1238" count="12" type="stmt"/>
        <line num="1242" count="3" type="stmt"/>
        <line num="1246" count="14" type="stmt"/>
        <line num="1250" count="3" type="stmt"/>
        <line num="1254" count="15" type="stmt"/>
        <line num="1258" count="6" type="stmt"/>
        <line num="1262" count="0" type="stmt"/>
        <line num="1266" count="0" type="stmt"/>
        <line num="1270" count="3" type="stmt"/>
        <line num="1274" count="1" type="stmt"/>
        <line num="1278" count="1" type="stmt"/>
        <line num="1282" count="1" type="stmt"/>
        <line num="1286" count="1" type="stmt"/>
        <line num="1290" count="1" type="stmt"/>
        <line num="1294" count="1" type="stmt"/>
        <line num="1298" count="1" type="stmt"/>
        <line num="1302" count="1" type="stmt"/>
        <line num="1306" count="1" type="stmt"/>
        <line num="1310" count="1" type="stmt"/>
        <line num="1314" count="0" type="stmt"/>
        <line num="1318" count="0" type="stmt"/>
        <line num="1322" count="20" type="stmt"/>
        <line num="1326" count="1" type="stmt"/>
        <line num="1330" count="0" type="stmt"/>
        <line num="1334" count="6" type="stmt"/>
        <line num="1338" count="1" type="stmt"/>
        <line num="1342" count="10" type="stmt"/>
        <line num="1346" count="1" type="stmt"/>
        <line num="1350" count="4" type="stmt"/>
        <line num="1354" count="1" type="stmt"/>
        <line num="1358" count="5" type="stmt"/>
        <line num="1362" count="0" type="stmt"/>
        <line num="1366" count="0" type="stmt"/>
        <line num="1367" count="0" type="stmt"/>
        <line num="1371" count="1" type="stmt"/>
        <line num="1375" count="4" type="stmt"/>
        <line num="1379" count="43" type="stmt"/>
        <line num="1383" count="3" type="stmt"/>
        <line num="1387" count="0" type="stmt"/>
        <line num="1391" count="4" type="stmt"/>
        <line num="1395" count="0" type="stmt"/>
        <line num="1399" count="1" type="stmt"/>
        <line num="1405" count="10" type="stmt"/>
        <line num="1406" count="10" type="stmt"/>
        <line num="1412" count="5" type="stmt"/>
        <line num="1413" count="5" type="stmt"/>
        <line num="1417" count="16" type="stmt"/>
        <line num="1429" count="3" type="stmt"/>
        <line num="1445" count="7" type="stmt"/>
        <line num="1467" count="8" type="stmt"/>
        <line num="1488" count="0" type="stmt"/>
        <line num="1503" count="0" type="stmt"/>
        <line num="1518" count="2" type="stmt"/>
        <line num="1537" count="7" type="stmt"/>
        <line num="1559" count="7" type="stmt"/>
        <line num="1580" count="2" type="stmt"/>
        <line num="1599" count="4" type="stmt"/>
        <line num="1619" count="0" type="stmt"/>
        <line num="1641" count="7" type="stmt"/>
        <line num="1657" count="0" type="stmt"/>
        <line num="1671" count="3" type="stmt"/>
        <line num="1679" count="1" type="stmt"/>
        <line num="1684" count="1" type="stmt"/>
        <line num="1691" count="1" type="stmt"/>
        <line num="1696" count="1" type="stmt"/>
        <line num="1703" count="1" type="stmt"/>
        <line num="1708" count="1" type="stmt"/>
        <line num="1713" count="1" type="stmt"/>
        <line num="1718" count="1" type="stmt"/>
        <line num="1725" count="1" type="stmt"/>
        <line num="1730" count="1" type="stmt"/>
        <line num="1747" count="2" type="stmt"/>
        <line num="1763" count="2" type="stmt"/>
        <line num="1780" count="1" type="stmt"/>
        <line num="1790" count="1" type="stmt"/>
        <line num="1791" count="1" type="stmt"/>
        <line num="1801" count="20" type="stmt"/>
        <line num="1819" count="1" type="stmt"/>
        <line num="1842" count="4" type="stmt"/>
        <line num="1868" count="4" type="stmt"/>
        <line num="1888" count="5" type="stmt"/>
        <line num="1889" count="5" type="stmt"/>
        <line num="1903" count="2" type="stmt"/>
        <line num="1923" count="1" type="stmt"/>
        <line num="1932" count="1" type="stmt"/>
        <line num="1938" count="4" type="stmt"/>
        <line num="1939" count="4" type="stmt"/>
        <line num="1960" count="24" type="stmt"/>
        <line num="1998" count="3" type="stmt"/>
        <line num="2013" count="1" type="stmt"/>
        <line num="2022" count="1" type="stmt"/>
        <line num="2043" count="0" type="cond" truecount="0" falsecount="2"/>
        <line num="2044" count="0" type="stmt"/>
        <line num="2059" count="1" type="stmt"/>
        <line num="2060" count="1" type="stmt"/>
        <line num="2067" count="9" type="stmt"/>
        <line num="2087" count="13" type="stmt"/>
        <line num="2115" count="9" type="stmt"/>
        <line num="2139" count="4" type="stmt"/>
        <line num="2153" count="4" type="stmt"/>
        <line num="2160" count="1" type="stmt"/>
        <line num="2166" count="5" type="stmt"/>
        <line num="2175" count="1" type="stmt"/>
        <line num="2185" count="5" type="stmt"/>
        <line num="2195" count="0" type="stmt"/>
        <line num="2204" count="0" type="stmt"/>
        <line num="2210" count="1" type="stmt"/>
        <line num="2227" count="4" type="stmt"/>
        <line num="2243" count="4" type="stmt"/>
        <line num="2249" count="73" type="stmt"/>
        <line num="2250" count="73" type="stmt"/>
        <line num="2254" count="392" type="stmt"/>
        <line num="2258" count="5850" type="cond" truecount="2" falsecount="0"/>
        <line num="2259" count="338" type="stmt"/>
        <line num="2262" count="5512" type="cond" truecount="4" falsecount="0"/>
        <line num="2263" count="4902" type="stmt"/>
        <line num="2266" count="610" type="stmt"/>
        <line num="2268" count="4770" type="stmt"/>
        <line num="2269" count="9614" type="stmt"/>
        <line num="2270" count="4603" type="stmt"/>
        <line num="2279" count="326" type="cond" truecount="2" falsecount="0"/>
        <line num="2280" count="54" type="cond" truecount="4" falsecount="0"/>
        <line num="2281" count="1" type="stmt"/>
        <line num="2286" count="53" type="stmt"/>
        <line num="2289" count="272" type="cond" truecount="4" falsecount="0"/>
        <line num="2290" count="100" type="cond" truecount="2" falsecount="0"/>
        <line num="2291" count="1" type="stmt"/>
        <line num="2296" count="99" type="cond" truecount="1" falsecount="1"/>
        <line num="2297" count="0" type="stmt"/>
        <line num="2304" count="271" type="stmt"/>
      </file>
    </package>
    <package name="packages.vault.src">
      <metrics statements="84" coveredstatements="81" conditionals="31" coveredconditionals="24" methods="29" coveredmethods="28"/>
      <file name="index.ts" path="/Users/shileipeng/Documents/mygithub/EnvoyMesh/packages/vault/src/index.ts">
        <metrics statements="84" coveredstatements="81" conditionals="31" coveredconditionals="24" methods="29" coveredmethods="28"/>
        <line num="5" count="8" type="stmt"/>
        <line num="6" count="8" type="stmt"/>
        <line num="54" count="1" type="stmt"/>
        <line num="55" count="1" type="stmt"/>
        <line num="59" count="1" type="stmt"/>
        <line num="68" count="1" type="stmt"/>
        <line num="69" count="1" type="stmt"/>
        <line num="70" count="1" type="stmt"/>
        <line num="71" count="1" type="stmt"/>
        <line num="132" count="8" type="stmt"/>
        <line num="135" count="9" type="stmt"/>
        <line num="136" count="9" type="stmt"/>
        <line num="137" count="9" type="stmt"/>
        <line num="138" count="9" type="stmt"/>
        <line num="140" count="9" type="stmt"/>
        <line num="141" count="10" type="stmt"/>
        <line num="143" count="10" type="stmt"/>
        <line num="144" count="10" type="stmt"/>
        <line num="145" count="10" type="stmt"/>
        <line num="146" count="10" type="stmt"/>
        <line num="147" count="10" type="stmt"/>
        <line num="148" count="10" type="stmt"/>
        <line num="158" count="10" type="stmt"/>
        <line num="159" count="10" type="cond" truecount="2" falsecount="0"/>
        <line num="162" count="9" type="stmt"/>
        <line num="170" count="10" type="stmt"/>
        <line num="171" count="10" type="stmt"/>
        <line num="173" count="10" type="stmt"/>
        <line num="174" count="13" type="stmt"/>
        <line num="175" count="2" type="stmt"/>
        <line num="179" count="17" type="stmt"/>
        <line num="183" count="47" type="stmt"/>
        <line num="184" count="47" type="stmt"/>
        <line num="185" count="47" type="stmt"/>
        <line num="187" count="47" type="cond" truecount="2" falsecount="0"/>
        <line num="193" count="26" type="stmt"/>
        <line num="202" count="11" type="stmt"/>
        <line num="204" count="11" type="cond" truecount="2" falsecount="0"/>
        <line num="205" count="1" type="stmt"/>
        <line num="208" count="10" type="stmt"/>
        <line num="209" count="10" type="stmt"/>
        <line num="210" count="12" type="stmt"/>
        <line num="211" count="12" type="stmt"/>
        <line num="212" count="12" type="stmt"/>
        <line num="221" count="10" type="stmt"/>
        <line num="229" count="6" type="stmt"/>
        <line num="230" count="6" type="cond" truecount="1" falsecount="1"/>
        <line num="231" count="0" type="stmt"/>
        <line num="234" count="7" type="stmt"/>
        <line num="235" count="6" type="stmt"/>
        <line num="236" count="7" type="stmt"/>
        <line num="237" count="7" type="stmt"/>
        <line num="239" count="6" type="stmt"/>
        <line num="240" count="6" type="cond" truecount="1" falsecount="1"/>
        <line num="241" count="0" type="stmt"/>
        <line num="244" count="6" type="stmt"/>
        <line num="249" count="0" type="cond" truecount="0" falsecount="2"/>
        <line num="251" count="6" type="cond" truecount="2" falsecount="0"/>
        <line num="259" count="4" type="stmt"/>
        <line num="261" count="4" type="stmt"/>
        <line num="279" count="5" type="cond" truecount="1" falsecount="1"/>
        <line num="281" count="5" type="stmt"/>
        <line num="292" count="4" type="stmt"/>
        <line num="293" count="4" type="stmt"/>
        <line num="300" count="1" type="stmt"/>
        <line num="308" count="14" type="stmt"/>
        <line num="309" count="14" type="stmt"/>
        <line num="311" count="14" type="stmt"/>
        <line num="312" count="17" type="stmt"/>
        <line num="314" count="17" type="cond" truecount="2" falsecount="0"/>
        <line num="315" count="4" type="stmt"/>
        <line num="316" count="13" type="cond" truecount="1" falsecount="1"/>
        <line num="317" count="13" type="stmt"/>
        <line num="321" count="14" type="stmt"/>
        <line num="325" count="7" type="stmt"/>
        <line num="326" count="17" type="stmt"/>
        <line num="327" count="7" type="stmt"/>
        <line num="329" count="7" type="stmt"/>
        <line num="337" count="6" type="stmt"/>
        <line num="340" count="18" type="stmt"/>
        <line num="345" count="10" type="stmt"/>
        <line num="349" count="10" type="stmt"/>
        <line num="353" count="20" type="stmt"/>
        <line num="357" count="10" type="stmt"/>
      </file>
    </package>
  </project>
</coverage>
